<?xml version="1.0" encoding="UTF-8"?>
<!-- Generated by org.testng.reporters.JUnitXMLReporter -->
<testsuite hostname="DESKTOP-97HQ61N" ignored="0" name="Test" tests="3" failures="0" timestamp="19 Aug 2018 17:03:40 GMT" time="54.176" errors="0">
  <testcase name="testFacebook" time="15.695" classname="testScript.TestFacebook"/>
  <testcase name="testTwitter" time="10.625" classname="testScript.TestTwitter"/>
  <testcase name="testInsta" time="8.681" classname="testScript.TestInsta"/>
</testsuite> <!-- Test -->
